Determining if the pthread_create exist failed with the following output:
Change Dir: /home/zboubiteam/Documents/laCJC_ROS/build/CMakeFiles/CMakeTmp

Run Build Command:"/usr/bin/make" "cmTC_f8067/fast"
/usr/bin/make -f CMakeFiles/cmTC_f8067.dir/build.make CMakeFiles/cmTC_f8067.dir/build
make[1]: Entering directory '/home/zboubiteam/Documents/laCJC_ROS/build/CMakeFiles/CMakeTmp'
Building C object CMakeFiles/cmTC_f8067.dir/CheckSymbolExists.c.o
/usr/bin/cc    -o CMakeFiles/cmTC_f8067.dir/CheckSymbolExists.c.o   -c /home/zboubiteam/Documents/laCJC_ROS/build/CMakeFiles/CMakeTmp/CheckSymbolExists.c
Linking C executable cmTC_f8067
/usr/bin/cmake -E cmake_link_script CMakeFiles/cmTC_f8067.dir/link.txt --verbose=1
/usr/bin/cc      -rdynamic CMakeFiles/cmTC_f8067.dir/CheckSymbolExists.c.o  -o cmTC_f8067 
CMakeFiles/cmTC_f8067.dir/CheckSymbolExists.c.o: In function `main':
CheckSymbolExists.c:(.text+0x2c): undefined reference to `pthread_create'
collect2: error: ld returned 1 exit status
CMakeFiles/cmTC_f8067.dir/build.make:97: recipe for target 'cmTC_f8067' failed
make[1]: *** [cmTC_f8067] Error 1
make[1]: Leaving directory '/home/zboubiteam/Documents/laCJC_ROS/build/CMakeFiles/CMakeTmp'
Makefile:126: recipe for target 'cmTC_f8067/fast' failed
make: *** [cmTC_f8067/fast] Error 2

File /home/zboubiteam/Documents/laCJC_ROS/build/CMakeFiles/CMakeTmp/CheckSymbolExists.c:
/* */
#include <pthread.h>

int main(int argc, char** argv)
{
  (void)argv;
#ifndef pthread_create
  return ((int*)(&pthread_create))[argc];
#else
  (void)argc;
  return 0;
#endif
}

Determining if the function pthread_create exists in the pthreads failed with the following output:
Change Dir: /home/zboubiteam/Documents/laCJC_ROS/build/CMakeFiles/CMakeTmp

Run Build Command:"/usr/bin/make" "cmTC_c6b7c/fast"
/usr/bin/make -f CMakeFiles/cmTC_c6b7c.dir/build.make CMakeFiles/cmTC_c6b7c.dir/build
make[1]: Entering directory '/home/zboubiteam/Documents/laCJC_ROS/build/CMakeFiles/CMakeTmp'
Building C object CMakeFiles/cmTC_c6b7c.dir/CheckFunctionExists.c.o
/usr/bin/cc   -DCHECK_FUNCTION_EXISTS=pthread_create   -o CMakeFiles/cmTC_c6b7c.dir/CheckFunctionExists.c.o   -c /usr/share/cmake-3.10/Modules/CheckFunctionExists.c
Linking C executable cmTC_c6b7c
/usr/bin/cmake -E cmake_link_script CMakeFiles/cmTC_c6b7c.dir/link.txt --verbose=1
/usr/bin/cc  -DCHECK_FUNCTION_EXISTS=pthread_create    -rdynamic CMakeFiles/cmTC_c6b7c.dir/CheckFunctionExists.c.o  -o cmTC_c6b7c -lpthreads 
/usr/bin/ld: cannot find -lpthreads
collect2: error: ld returned 1 exit status
CMakeFiles/cmTC_c6b7c.dir/build.make:97: recipe for target 'cmTC_c6b7c' failed
make[1]: *** [cmTC_c6b7c] Error 1
make[1]: Leaving directory '/home/zboubiteam/Documents/laCJC_ROS/build/CMakeFiles/CMakeTmp'
Makefile:126: recipe for target 'cmTC_c6b7c/fast' failed
make: *** [cmTC_c6b7c/fast] Error 2


