\BOOKMARK [0][-]{section*.2}{Introduction}{}% 1
\BOOKMARK [0][-]{section*.3}{Abstract}{}% 2
\BOOKMARK [1][-]{section.0.1}{Présentation du projet}{section*.3}% 3
\BOOKMARK [2][-]{subsection.0.1.1}{Problématique}{section.0.1}% 4
\BOOKMARK [2][-]{subsection.0.1.2}{Objectifs}{section.0.1}% 5
\BOOKMARK [1][-]{section.0.2}{Support matériel}{section*.3}% 6
\BOOKMARK [2][-]{subsection.0.2.1}{Présentation de la voiture}{section.0.2}% 7
\BOOKMARK [2][-]{subsection.0.2.2}{Adaptation de l'architecture pour le projet}{section.0.2}% 8
\BOOKMARK [1][-]{section.0.3}{Simulation sous V-REP}{section*.3}% 9
\BOOKMARK [2][-]{subsection.0.3.1}{Modélisation dynamique de la voiture}{section.0.3}% 10
\BOOKMARK [2][-]{subsection.0.3.2}{Création de la piste}{section.0.3}% 11
\BOOKMARK [2][-]{subsection.0.3.3}{Interface avec ROS}{section.0.3}% 12
\BOOKMARK [1][-]{section.0.4}{Choix techniques}{section*.3}% 13
\BOOKMARK [2][-]{subsection.0.4.1}{Architecture fonctionnelle}{section.0.4}% 14
\BOOKMARK [1][-]{section.0.5}{Pipeline de contrôle}{section*.3}% 15
\BOOKMARK [2][-]{subsection.0.5.1}{Architecture C2}{section.0.5}% 16
\BOOKMARK [2][-]{subsection.0.5.2}{Window Lane Detection}{section.0.5}% 17
\BOOKMARK [1][-]{section.0.6}{Résultats}{section*.3}% 18
\BOOKMARK [1][-]{section.0.7}{Perspectives et améliorations}{section*.3}% 19
\BOOKMARK [0][-]{section*.5}{Conclusion}{}% 20
\BOOKMARK [0][-]{section*.6}{Annexe1}{}% 21
\BOOKMARK [0][-]{section*.7}{Annexe2}{}% 22
